Using pre-set license
Built from '2020.2/release' branch; Version is '2020.2.1f1 (270dd8c3da1c) revision 2559448'; Using compiler version '192528614'; Build Type 'Release'
OS: 'Windows 10  (10.0.0) 64bit' Language: 'en' Physical Memory: 16238 MB
BatchMode: 1, IsHumanControllingUs: 0, StartBugReporterOnCrash: 0, Is64bit: 1, IsPro: 0

 COMMAND LINE ARGUMENTS:
D:\unity\editor\2020.2.1f1\Editor\Unity.exe
-adb2
-batchMode
-noUpm
-name
AssetImportWorker0
-projectPath
D:/Documents/GitHub/MainRepos/light Work
-logFile
Logs/AssetImportWorker0.log
-srvPort
51461
Successfully changed project path to: D:/Documents/GitHub/MainRepos/light Work
D:/Documents/GitHub/MainRepos/light Work
Using Asset Import Pipeline V2.
Refreshing native plugins compatible for Editor in 53.66 ms, found 1 plugins.
Preloading 0 native plugins for Editor in 0.00 ms.
Initialize engine version: 2020.2.1f1 (270dd8c3da1c)
[Subsystems] Discovering subsystems at path D:/unity/editor/2020.2.1f1/Editor/Data/Resources/UnitySubsystems
[Subsystems] Discovering subsystems at path D:/Documents/GitHub/MainRepos/light Work/Assets
GfxDevice: creating device client; threaded=0
Direct3D:
    Version:  Direct3D 11.0 [level 11.1]
    Renderer: NVIDIA GeForce GTX 1050 Ti (ID=0x1c8c)
    Vendor:   
    VRAM:     4021 MB
    Driver:   27.21.14.5148
Initialize mono
Mono path[0] = 'D:/unity/editor/2020.2.1f1/Editor/Data/Managed'
Mono path[1] = 'D:/unity/editor/2020.2.1f1/Editor/Data/MonoBleedingEdge/lib/mono/unityjit'
Mono config path = 'D:/unity/editor/2020.2.1f1/Editor/Data/MonoBleedingEdge/etc'
Using monoOptions --debugger-agent=transport=dt_socket,embedding=1,server=y,suspend=n,address=127.0.0.1:56612
Begin MonoManager ReloadAssembly
Registering precompiled unity dll's ...
Register platform support module: D:/unity/editor/2020.2.1f1/Editor/Data/PlaybackEngines/WindowsStandaloneSupport/UnityEditor.WindowsStandalone.Extensions.dll
Registered in 0.000938 seconds.
Native extension for WindowsStandalone target not found
Refreshing native plugins compatible for Editor in 46.30 ms, found 1 plugins.
Preloading 0 native plugins for Editor in 0.00 ms.
Invoked RoslynAnalysisRunner static constructor.
RoslynAnalysisRunner will not be running.
RoslynAnalysisRunner has terminated.
Mono: successfully reloaded assembly
- Completed reload, in  3.580 seconds
Platform modules already initialized, skipping
Registering precompiled user dll's ...
Registered in 0.000873 seconds.
Begin MonoManager ReloadAssembly
Native extension for WindowsStandalone target not found
Refreshing native plugins compatible for Editor in 46.77 ms, found 1 plugins.
Preloading 0 native plugins for Editor in 0.00 ms.
Invoked RoslynAnalysisRunner static constructor.
RoslynAnalysisRunner will not be running.
RoslynAnalysisRunner has terminated.
Mono: successfully reloaded assembly
- Completed reload, in  1.094 seconds
Platform modules already initialized, skipping
========================================================================
Worker process is ready to serve import requests
Launched and connected shader compiler UnityShaderCompiler.exe after 0.09 seconds
Refreshing native plugins compatible for Editor in 0.50 ms, found 1 plugins.
Preloading 0 native plugins for Editor in 0.00 ms.
Unloading 1943 Unused Serialized files (Serialized files now loaded: 0)
System memory in use before: 108.6 MB.
System memory in use after: 108.7 MB.

Unloading 31 unused Assets to reduce memory usage. Loaded Objects now: 2399.
Total: 2.918300 ms (FindLiveObjects: 0.261200 ms CreateObjectMapping: 0.072000 ms MarkObjects: 2.496700 ms  DeleteObjects: 0.084900 ms)

========================================================================
Received Import Request.
  path: Assets
  artifactKey: Guid(00000000000000001000000000000000) Importer(815301076,1909f56bfc062723c751e8b465ee728b)
Start importing Assets using Guid(00000000000000001000000000000000) Importer(815301076,1909f56bfc062723c751e8b465ee728b)  -> (artifact id: 'e1a2c4dac9df7c17871e19a3b74f0e9f') in 0.006696 seconds
  Import took 0.011387 seconds .

========================================================================
Received Import Request.
  Time since last request: 84.795562 seconds.
  path: Assets/music
  artifactKey: Guid(9c671b8a962ddd343852ee4b42da1579) Importer(815301076,1909f56bfc062723c751e8b465ee728b)
Start importing Assets/music using Guid(9c671b8a962ddd343852ee4b42da1579) Importer(815301076,1909f56bfc062723c751e8b465ee728b)  -> (artifact id: '93d3cc7300f64a9297a250d9b40c2562') in 0.002271 seconds
  Import took 0.006990 seconds .

========================================================================
Received Import Request.
  Time since last request: 13.768991 seconds.
  path: Assets/music/Naruto Shippuden - Blue Bird (No Copyright Music).wav
  artifactKey: Guid(769f91f90fd9a334984992e5d52d66c9) Importer(815301076,1909f56bfc062723c751e8b465ee728b)
Start importing Assets/music/Naruto Shippuden - Blue Bird (No Copyright Music).wav using Guid(769f91f90fd9a334984992e5d52d66c9) Importer(815301076,1909f56bfc062723c751e8b465ee728b)  -> (artifact id: '7cf6e7e53fb6789c240e6b3fe4179fae') in 0.188808 seconds
  Import took 0.194084 seconds .

========================================================================
Received Import Request.
  Time since last request: 92.621781 seconds.
  path: Assets/scripts/RhythmControl.cs
  artifactKey: Guid(4834a0f3cc856894ea5501cd886d9aed) Importer(815301076,1909f56bfc062723c751e8b465ee728b)
Start importing Assets/scripts/RhythmControl.cs using Guid(4834a0f3cc856894ea5501cd886d9aed) Importer(815301076,1909f56bfc062723c751e8b465ee728b)  -> (artifact id: 'd065ffa852c499b13a0160423fd03524') in 0.024120 seconds
  Import took 0.029679 seconds .

========================================================================
Received Prepare
Registering precompiled user dll's ...
Registered in 0.001720 seconds.
Begin MonoManager ReloadAssembly
Native extension for WindowsStandalone target not found
Refreshing native plugins compatible for Editor in 0.46 ms, found 1 plugins.
Preloading 0 native plugins for Editor in 0.00 ms.
Invoked RoslynAnalysisRunner static constructor.
RoslynAnalysisRunner will not be running.
RoslynAnalysisRunner has terminated.
Mono: successfully reloaded assembly
- Completed reload, in  1.207 seconds
Platform modules already initialized, skipping
Refreshing native plugins compatible for Editor in 0.45 ms, found 1 plugins.
Preloading 0 native plugins for Editor in 0.00 ms.
Unloading 1921 Unused Serialized files (Serialized files now loaded: 0)
System memory in use before: 110.2 MB.
System memory in use after: 110.3 MB.

Unloading 21 unused Assets to reduce memory usage. Loaded Objects now: 2410.
Total: 3.590100 ms (FindLiveObjects: 1.060400 ms CreateObjectMapping: 0.291200 ms MarkObjects: 2.194300 ms  DeleteObjects: 0.025600 ms)

========================================================================
Received Prepare
Registering precompiled user dll's ...
Registered in 0.001005 seconds.
Begin MonoManager ReloadAssembly
Native extension for WindowsStandalone target not found
Refreshing native plugins compatible for Editor in 0.49 ms, found 1 plugins.
Preloading 0 native plugins for Editor in 0.00 ms.
Invoked RoslynAnalysisRunner static constructor.
RoslynAnalysisRunner will not be running.
RoslynAnalysisRunner has terminated.
Mono: successfully reloaded assembly
- Completed reload, in  0.932 seconds
Platform modules already initialized, skipping
Refreshing native plugins compatible for Editor in 0.76 ms, found 1 plugins.
Preloading 0 native plugins for Editor in 0.00 ms.
Unloading 1923 Unused Serialized files (Serialized files now loaded: 0)
System memory in use before: 110.3 MB.
System memory in use after: 110.4 MB.

Unloading 21 unused Assets to reduce memory usage. Loaded Objects now: 2413.
Total: 2.189300 ms (FindLiveObjects: 0.232700 ms CreateObjectMapping: 0.076400 ms MarkObjects: 1.858700 ms  DeleteObjects: 0.020400 ms)

========================================================================
Received Import Request.
  Time since last request: 66.975412 seconds.
  path: Assets/scripts/RhythmController.cs
  artifactKey: Guid(e0b186c3cfec103468f8252c12edbd47) Importer(815301076,1909f56bfc062723c751e8b465ee728b)
Start importing Assets/scripts/RhythmController.cs using Guid(e0b186c3cfec103468f8252c12edbd47) Importer(815301076,1909f56bfc062723c751e8b465ee728b)  -> (artifact id: 'a74f839c05d72de388ec4861591ac09f') in 0.004115 seconds
  Import took 0.007759 seconds .

========================================================================
Received Import Request.
  Time since last request: 0.030579 seconds.
  path: Assets/scripts/RhythmController.cs
  artifactKey: Guid(e0b186c3cfec103468f8252c12edbd47) Importer(815301076,1909f56bfc062723c751e8b465ee728b)
Start importing Assets/scripts/RhythmController.cs using Guid(e0b186c3cfec103468f8252c12edbd47) Importer(815301076,1909f56bfc062723c751e8b465ee728b)  -> (artifact id: 'a74f839c05d72de388ec4861591ac09f') in 0.001228 seconds
  Import took 0.005563 seconds .

========================================================================
Received Prepare
Registering precompiled user dll's ...
Registered in 0.001777 seconds.
Begin MonoManager ReloadAssembly
Native extension for WindowsStandalone target not found
Refreshing native plugins compatible for Editor in 0.96 ms, found 1 plugins.
Preloading 0 native plugins for Editor in 0.00 ms.
Invoked RoslynAnalysisRunner static constructor.
RoslynAnalysisRunner will not be running.
RoslynAnalysisRunner has terminated.
Mono: successfully reloaded assembly
- Completed reload, in  1.094 seconds
Platform modules already initialized, skipping
Refreshing native plugins compatible for Editor in 0.52 ms, found 1 plugins.
Preloading 0 native plugins for Editor in 0.00 ms.
Unloading 1923 Unused Serialized files (Serialized files now loaded: 0)
System memory in use before: 110.4 MB.
System memory in use after: 110.5 MB.

Unloading 21 unused Assets to reduce memory usage. Loaded Objects now: 2415.
Total: 1.965000 ms (FindLiveObjects: 0.221100 ms CreateObjectMapping: 0.063800 ms MarkObjects: 1.663600 ms  DeleteObjects: 0.015800 ms)

========================================================================
Received Import Request.
  Time since last request: 43.137289 seconds.
  path: Assets/scripts/RhythmController.cs
  artifactKey: Guid(e0b186c3cfec103468f8252c12edbd47) Importer(815301076,1909f56bfc062723c751e8b465ee728b)
Start importing Assets/scripts/RhythmController.cs using Guid(e0b186c3cfec103468f8252c12edbd47) Importer(815301076,1909f56bfc062723c751e8b465ee728b)  -> (artifact id: '69af6ee22fd9794c6978d1b2ca60499a') in 0.005590 seconds
  Import took 0.009029 seconds .

========================================================================
Received Prepare
Registering precompiled user dll's ...
Registered in 0.000884 seconds.
Begin MonoManager ReloadAssembly
Native extension for WindowsStandalone target not found
Refreshing native plugins compatible for Editor in 0.65 ms, found 1 plugins.
Preloading 0 native plugins for Editor in 0.00 ms.
Invoked RoslynAnalysisRunner static constructor.
RoslynAnalysisRunner will not be running.
RoslynAnalysisRunner has terminated.
Mono: successfully reloaded assembly
- Completed reload, in  0.910 seconds
Platform modules already initialized, skipping
Refreshing native plugins compatible for Editor in 0.75 ms, found 1 plugins.
Preloading 0 native plugins for Editor in 0.00 ms.
Unloading 1923 Unused Serialized files (Serialized files now loaded: 0)
System memory in use before: 110.4 MB.
System memory in use after: 110.5 MB.

Unloading 21 unused Assets to reduce memory usage. Loaded Objects now: 2417.
Total: 2.616700 ms (FindLiveObjects: 0.387500 ms CreateObjectMapping: 0.183000 ms MarkObjects: 2.008000 ms  DeleteObjects: 0.019700 ms)

========================================================================
Received Prepare
Registering precompiled user dll's ...
Registered in 0.001094 seconds.
Begin MonoManager ReloadAssembly
Native extension for WindowsStandalone target not found
Refreshing native plugins compatible for Editor in 0.86 ms, found 1 plugins.
Preloading 0 native plugins for Editor in 0.00 ms.
Invoked RoslynAnalysisRunner static constructor.
RoslynAnalysisRunner will not be running.
RoslynAnalysisRunner has terminated.
Mono: successfully reloaded assembly
- Completed reload, in  1.122 seconds
Platform modules already initialized, skipping
Refreshing native plugins compatible for Editor in 0.90 ms, found 1 plugins.
Preloading 0 native plugins for Editor in 0.00 ms.
Unloading 1923 Unused Serialized files (Serialized files now loaded: 0)
System memory in use before: 110.5 MB.
System memory in use after: 110.6 MB.

Unloading 21 unused Assets to reduce memory usage. Loaded Objects now: 2419.
Total: 4.237700 ms (FindLiveObjects: 0.340000 ms CreateObjectMapping: 0.180800 ms MarkObjects: 3.690200 ms  DeleteObjects: 0.023900 ms)

========================================================================
Received Prepare
Registering precompiled user dll's ...
Registered in 0.001046 seconds.
Begin MonoManager ReloadAssembly
Native extension for WindowsStandalone target not found
Refreshing native plugins compatible for Editor in 0.50 ms, found 1 plugins.
Preloading 0 native plugins for Editor in 0.00 ms.
Invoked RoslynAnalysisRunner static constructor.
RoslynAnalysisRunner will not be running.
RoslynAnalysisRunner has terminated.
Mono: successfully reloaded assembly
- Completed reload, in  1.205 seconds
Platform modules already initialized, skipping
Refreshing native plugins compatible for Editor in 1.49 ms, found 1 plugins.
Preloading 0 native plugins for Editor in 0.00 ms.
Unloading 1923 Unused Serialized files (Serialized files now loaded: 0)
System memory in use before: 110.5 MB.
System memory in use after: 110.7 MB.

Unloading 21 unused Assets to reduce memory usage. Loaded Objects now: 2421.
Total: 4.437800 ms (FindLiveObjects: 0.854800 ms CreateObjectMapping: 0.236900 ms MarkObjects: 3.255900 ms  DeleteObjects: 0.087800 ms)

========================================================================
Received Prepare
Registering precompiled user dll's ...
Registered in 0.001167 seconds.
Begin MonoManager ReloadAssembly
Native extension for WindowsStandalone target not found
Refreshing native plugins compatible for Editor in 1.53 ms, found 1 plugins.
Preloading 0 native plugins for Editor in 0.00 ms.
Invoked RoslynAnalysisRunner static constructor.
RoslynAnalysisRunner will not be running.
RoslynAnalysisRunner has terminated.
Mono: successfully reloaded assembly
- Completed reload, in  1.559 seconds
Platform modules already initialized, skipping
Refreshing native plugins compatible for Editor in 1.02 ms, found 1 plugins.
Preloading 0 native plugins for Editor in 0.00 ms.
Unloading 1923 Unused Serialized files (Serialized files now loaded: 0)
System memory in use before: 110.6 MB.
System memory in use after: 110.7 MB.

Unloading 21 unused Assets to reduce memory usage. Loaded Objects now: 2423.
Total: 6.460100 ms (FindLiveObjects: 1.075100 ms CreateObjectMapping: 0.476600 ms MarkObjects: 4.881700 ms  DeleteObjects: 0.021700 ms)

========================================================================
Received Prepare
Registering precompiled user dll's ...
Registered in 0.001465 seconds.
Begin MonoManager ReloadAssembly
Native extension for WindowsStandalone target not found
Refreshing native plugins compatible for Editor in 1.84 ms, found 1 plugins.
Preloading 0 native plugins for Editor in 0.00 ms.
Invoked RoslynAnalysisRunner static constructor.
RoslynAnalysisRunner will not be running.
RoslynAnalysisRunner has terminated.
Mono: successfully reloaded assembly
- Completed reload, in  2.808 seconds
Platform modules already initialized, skipping
Refreshing native plugins compatible for Editor in 0.58 ms, found 1 plugins.
Preloading 0 native plugins for Editor in 0.00 ms.
Unloading 1923 Unused Serialized files (Serialized files now loaded: 0)
System memory in use before: 110.7 MB.
System memory in use after: 110.8 MB.

Unloading 21 unused Assets to reduce memory usage. Loaded Objects now: 2425.
Total: 4.314500 ms (FindLiveObjects: 0.772300 ms CreateObjectMapping: 0.389100 ms MarkObjects: 3.099300 ms  DeleteObjects: 0.044000 ms)

========================================================================
Received Import Request.
  Time since last request: 1775.983244 seconds.
  path: Assets/scripts/ShurikenFly.cs
  artifactKey: Guid(fa750606a0bf87843a6f5084e08959c4) Importer(815301076,1909f56bfc062723c751e8b465ee728b)
Start importing Assets/scripts/ShurikenFly.cs using Guid(fa750606a0bf87843a6f5084e08959c4) Importer(815301076,1909f56bfc062723c751e8b465ee728b)  -> (artifact id: '1268553934a2bd7839f73a0349fa2ff1') in 0.009454 seconds
  Import took 0.014729 seconds .

========================================================================
Received Prepare
Registering precompiled user dll's ...
Registered in 0.001156 seconds.
Begin MonoManager ReloadAssembly
Native extension for WindowsStandalone target not found
Refreshing native plugins compatible for Editor in 0.56 ms, found 1 plugins.
Preloading 0 native plugins for Editor in 0.00 ms.
Invoked RoslynAnalysisRunner static constructor.
RoslynAnalysisRunner will not be running.
RoslynAnalysisRunner has terminated.
Mono: successfully reloaded assembly
- Completed reload, in  1.400 seconds
Platform modules already initialized, skipping
Refreshing native plugins compatible for Editor in 0.67 ms, found 1 plugins.
Preloading 0 native plugins for Editor in 0.00 ms.
Unloading 1923 Unused Serialized files (Serialized files now loaded: 0)
System memory in use before: 110.7 MB.
System memory in use after: 110.8 MB.

Unloading 21 unused Assets to reduce memory usage. Loaded Objects now: 2427.
Total: 7.025400 ms (FindLiveObjects: 2.318100 ms CreateObjectMapping: 0.492300 ms MarkObjects: 4.162200 ms  DeleteObjects: 0.038600 ms)

AssetImportWorkerClient::OnTransportError - code=2 error=End of file
